<?xml version="1.0" encoding="UTF-8"?>
<testng-results ignored="1" total="4" passed="3" failed="0" skipped="0">
  <reporter-output>
  </reporter-output>
  <suite started-at="2025-10-11T18:49:11 IST" name="Suite" finished-at="2025-10-11T18:49:24 IST" duration-ms="13588">
    <groups>
    </groups>
    <test started-at="2025-10-11T18:49:11 IST" name="TestThread2" finished-at="2025-10-11T18:49:24 IST" duration-ms="13579">
      <class name="types_of_execution.Demo2Test">
        <test-method signature="Case2()[pri:0, instance:types_of_execution.Demo2Test@fbd1f6]" started-at="2025-10-11T18:49:11 IST" name="Case2" finished-at="2025-10-11T18:49:24 IST" duration-ms="13490" status="PASS">
          <reporter-output>
          </reporter-output>
        </test-method> <!-- Case2 -->
      </class> <!-- types_of_execution.Demo2Test -->
    </test> <!-- TestThread2 -->
    <test started-at="2025-10-11T18:49:11 IST" name="TestThread1" finished-at="2025-10-11T18:49:24 IST" duration-ms="13587">
      <class name="types_of_execution.Demo1Test">
        <test-method signature="Case1()[pri:0, instance:types_of_execution.Demo1Test@7b98f307]" started-at="2025-10-11T18:49:11 IST" name="Case1" finished-at="2025-10-11T18:49:24 IST" duration-ms="13489" status="PASS">
          <reporter-output>
          </reporter-output>
        </test-method> <!-- Case1 -->
      </class> <!-- types_of_execution.Demo1Test -->
    </test> <!-- TestThread1 -->
    <test started-at="2025-10-11T18:49:11 IST" name="TestThread3" finished-at="2025-10-11T18:49:24 IST" duration-ms="13587">
      <class name="types_of_execution.Demo3Test">
        <test-method signature="Case3()[pri:0, instance:types_of_execution.Demo3Test@2aceadd4]" started-at="2025-10-11T18:49:11 IST" name="Case3" finished-at="2025-10-11T18:49:24 IST" duration-ms="13489" status="PASS">
          <reporter-output>
          </reporter-output>
        </test-method> <!-- Case3 -->
      </class> <!-- types_of_execution.Demo3Test -->
    </test> <!-- TestThread3 -->
  </suite> <!-- Suite -->
</testng-results>
