<?xml version="1.0" encoding="UTF-8"?>
<testng-results ignored="0" total="2" passed="2" failed="0" skipped="0">
  <reporter-output>
  </reporter-output>
  <suite started-at="2025-10-15T11:40:04 IST" name="Default suite" finished-at="2025-10-15T11:40:04 IST" duration-ms="149">
    <groups>
    </groups>
    <test started-at="2025-10-15T11:40:04 IST" name="Default test" finished-at="2025-10-15T11:40:04 IST" duration-ms="149">
      <class name="configuration_ann_extra.ContactTest">
        <test-method signature="createContact()[pri:0, instance:configuration_ann_extra.ContactTest@55141def]" started-at="2025-10-15T11:40:04 IST" name="createContact" finished-at="2025-10-15T11:40:04 IST" duration-ms="19" status="PASS">
          <reporter-output>
          </reporter-output>
        </test-method> <!-- createContact -->
        <test-method signature="deleteContact()[pri:0, instance:configuration_ann_extra.ContactTest@55141def]" started-at="2025-10-15T11:40:04 IST" name="deleteContact" finished-at="2025-10-15T11:40:04 IST" duration-ms="14" status="PASS">
          <reporter-output>
          </reporter-output>
        </test-method> <!-- deleteContact -->
      </class> <!-- configuration_ann_extra.ContactTest -->
    </test> <!-- Default test -->
  </suite> <!-- Default suite -->
</testng-results>
