<?xml version="1.0" encoding="UTF-8"?>
<!-- Generated by org.testng.reporters.JUnitXMLReporter -->
<testsuite ignored="1" hostname="DESKTOP-EFFE0O5" failures="0" tests="2" name="SomkeTest" time="25.475" errors="0" timestamp="2025-10-11T18:37:52 IST">
  <testcase classname="types_of_execution.Demo1Test" name="Case1" time="17.604"/>
  <testcase classname="types_of_execution.Demo2Test" name="Case2" time="7.783"/>
  <testcase classname="types_of_execution.Demo1Test" name="Case101" time="0.0">
    <ignored/>
  </testcase> <!-- Case101 -->
</testsuite> <!-- SomkeTest -->
