<?xml version="1.0" encoding="UTF-8"?>
<!-- Generated by org.testng.reporters.JUnitXMLReporter -->
<testsuite ignored="1" hostname="DESKTOP-EFFE0O5" failures="0" tests="1" name="TestThread1" time="13.587" errors="0" timestamp="2025-10-11T18:49:24 IST">
  <testcase classname="types_of_execution.Demo1Test" name="Case1" time="13.489"/>
  <testcase classname="types_of_execution.Demo1Test" name="Case101" time="0.0">
    <ignored/>
  </testcase> <!-- Case101 -->
</testsuite> <!-- TestThread1 -->
