<?xml version="1.0" encoding="UTF-8"?>
<!-- Generated by org.testng.reporters.JUnitXMLReporter -->
<testsuite ignored="0" hostname="DESKTOP-EFFE0O5" failures="0" tests="6" name="Default test" time="0.232" errors="0" timestamp="2025-10-11T18:02:01 IST">
  <testcase classname="dataProvider_extra.ArrayCheck" name="loginSauceDemo" time="0.026"/>
  <testcase classname="dataProvider_extra.ArrayCheck" name="loginSauceDemo" time="0.006"/>
  <testcase classname="dataProvider_extra.ArrayCheck" name="loginSauceDemo" time="0.008"/>
  <testcase classname="dataProvider_extra.ArrayCheck" name="loginSauceDemo" time="0.013"/>
  <testcase classname="dataProvider_extra.ArrayCheck" name="loginSauceDemo" time="0.021"/>
  <testcase classname="dataProvider_extra.ArrayCheck" name="loginSauceDemo" time="0.005"/>
</testsuite> <!-- Default test -->
