<?xml version="1.0" encoding="UTF-8"?>
<!-- Generated by org.testng.reporters.JUnitXMLReporter -->
<testsuite ignored="0" hostname="DESKTOP-EFFE0O5" failures="0" tests="3" name="Default test" time="0.168" errors="0" timestamp="2025-10-10T00:37:10 IST">
  <testcase classname="testing_extra.Demo3Test" name="Create" time="0.026"/>
  <testcase classname="testing_extra.Demo3Test" name="Modify" time="0.012"/>
  <testcase classname="testing_extra.Demo3Test" name="Deactivate" time="0.01"/>
</testsuite> <!-- Default test -->
